f:\rtr_demo\build\glfw-3.3.2\src\glfw.dir\debug\glfw.pdb
f:\rtr_demo\build\glfw-3.3.2\src\glfw.dir\debug\osmesa_context.obj
f:\rtr_demo\build\glfw-3.3.2\src\glfw.dir\debug\egl_context.obj
f:\rtr_demo\build\glfw-3.3.2\src\glfw.dir\debug\wgl_context.obj
f:\rtr_demo\build\glfw-3.3.2\src\glfw.dir\debug\win32_window.obj
f:\rtr_demo\build\glfw-3.3.2\src\glfw.dir\debug\win32_thread.obj
f:\rtr_demo\build\glfw-3.3.2\src\glfw.dir\debug\win32_time.obj
f:\rtr_demo\build\glfw-3.3.2\src\glfw.dir\debug\win32_monitor.obj
f:\rtr_demo\build\glfw-3.3.2\src\glfw.dir\debug\win32_joystick.obj
f:\rtr_demo\build\glfw-3.3.2\src\glfw.dir\debug\win32_init.obj
f:\rtr_demo\build\glfw-3.3.2\src\glfw.dir\debug\window.obj
f:\rtr_demo\build\glfw-3.3.2\src\glfw.dir\debug\vulkan.obj
f:\rtr_demo\build\glfw-3.3.2\src\glfw.dir\debug\monitor.obj
f:\rtr_demo\build\glfw-3.3.2\src\glfw.dir\debug\input.obj
f:\rtr_demo\build\glfw-3.3.2\src\glfw.dir\debug\init.obj
f:\rtr_demo\build\glfw-3.3.2\src\glfw.dir\debug\context.obj
f:\rtr_demo\build\glfw-3.3.2\src\cmakefiles\generate.stamp
f:\rtr_demo\build\glfw-3.3.2\src\debug\glfw3.lib
f:\rtr_demo\build\glfw-3.3.2\src\glfw.dir\debug\glfw.tlog\cl.command.1.tlog
f:\rtr_demo\build\glfw-3.3.2\src\glfw.dir\debug\glfw.tlog\cl.read.1.tlog
f:\rtr_demo\build\glfw-3.3.2\src\glfw.dir\debug\glfw.tlog\cl.write.1.tlog
f:\rtr_demo\build\glfw-3.3.2\src\glfw.dir\debug\glfw.tlog\custombuild.command.1.tlog
f:\rtr_demo\build\glfw-3.3.2\src\glfw.dir\debug\glfw.tlog\custombuild.read.1.tlog
f:\rtr_demo\build\glfw-3.3.2\src\glfw.dir\debug\glfw.tlog\custombuild.write.1.tlog
f:\rtr_demo\build\glfw-3.3.2\src\glfw.dir\debug\glfw.tlog\lib-link.read.1.tlog
f:\rtr_demo\build\glfw-3.3.2\src\glfw.dir\debug\glfw.tlog\lib-link.write.1.tlog
f:\rtr_demo\build\glfw-3.3.2\src\glfw.dir\debug\glfw.tlog\lib.command.1.tlog
