f:\rtr_demo\build\glfw-3.3.2\examples\boing.dir\debug\vc141.pdb
f:\rtr_demo\build\glfw-3.3.2\examples\boing.dir\debug\glad_gl.obj
f:\rtr_demo\build\glfw-3.3.2\examples\boing.dir\debug\boing.obj
f:\rtr_demo\build\glfw-3.3.2\examples\cmakefiles\generate.stamp
f:\rtr_demo\build\glfw-3.3.2\examples\debug\boing.ilk
f:\rtr_demo\build\glfw-3.3.2\examples\debug\boing.exe
f:\rtr_demo\build\glfw-3.3.2\examples\debug\boing.pdb
f:\rtr_demo\build\glfw-3.3.2\examples\boing.dir\debug\glfw.res
f:\rtr_demo\build\glfw-3.3.2\examples\boing.dir\debug\boing.tlog\cl.command.1.tlog
f:\rtr_demo\build\glfw-3.3.2\examples\boing.dir\debug\boing.tlog\cl.read.1.tlog
f:\rtr_demo\build\glfw-3.3.2\examples\boing.dir\debug\boing.tlog\cl.write.1.tlog
f:\rtr_demo\build\glfw-3.3.2\examples\boing.dir\debug\boing.tlog\custombuild.command.1.tlog
f:\rtr_demo\build\glfw-3.3.2\examples\boing.dir\debug\boing.tlog\custombuild.read.1.tlog
f:\rtr_demo\build\glfw-3.3.2\examples\boing.dir\debug\boing.tlog\custombuild.write.1.tlog
f:\rtr_demo\build\glfw-3.3.2\examples\boing.dir\debug\boing.tlog\link.command.1.tlog
f:\rtr_demo\build\glfw-3.3.2\examples\boing.dir\debug\boing.tlog\link.read.1.tlog
f:\rtr_demo\build\glfw-3.3.2\examples\boing.dir\debug\boing.tlog\link.write.1.tlog
f:\rtr_demo\build\glfw-3.3.2\examples\boing.dir\debug\boing.tlog\rc.command.1.tlog
f:\rtr_demo\build\glfw-3.3.2\examples\boing.dir\debug\boing.tlog\rc.read.1.tlog
f:\rtr_demo\build\glfw-3.3.2\examples\boing.dir\debug\boing.tlog\rc.write.1.tlog
