f:\rtr_demo\build\glfw-3.3.2\examples\particles.dir\debug\vc141.pdb
f:\rtr_demo\build\glfw-3.3.2\examples\particles.dir\debug\glad_gl.obj
f:\rtr_demo\build\glfw-3.3.2\examples\particles.dir\debug\getopt.obj
f:\rtr_demo\build\glfw-3.3.2\examples\particles.dir\debug\tinycthread.obj
f:\rtr_demo\build\glfw-3.3.2\examples\particles.dir\debug\particles.obj
f:\rtr_demo\build\glfw-3.3.2\examples\cmakefiles\generate.stamp
f:\rtr_demo\build\glfw-3.3.2\examples\debug\particles.ilk
f:\rtr_demo\build\glfw-3.3.2\examples\debug\particles.exe
f:\rtr_demo\build\glfw-3.3.2\examples\debug\particles.pdb
f:\rtr_demo\build\glfw-3.3.2\examples\particles.dir\debug\glfw.res
f:\rtr_demo\build\glfw-3.3.2\examples\particles.dir\debug\particles.tlog\cl.command.1.tlog
f:\rtr_demo\build\glfw-3.3.2\examples\particles.dir\debug\particles.tlog\cl.read.1.tlog
f:\rtr_demo\build\glfw-3.3.2\examples\particles.dir\debug\particles.tlog\cl.write.1.tlog
f:\rtr_demo\build\glfw-3.3.2\examples\particles.dir\debug\particles.tlog\custombuild.command.1.tlog
f:\rtr_demo\build\glfw-3.3.2\examples\particles.dir\debug\particles.tlog\custombuild.read.1.tlog
f:\rtr_demo\build\glfw-3.3.2\examples\particles.dir\debug\particles.tlog\custombuild.write.1.tlog
f:\rtr_demo\build\glfw-3.3.2\examples\particles.dir\debug\particles.tlog\link.command.1.tlog
f:\rtr_demo\build\glfw-3.3.2\examples\particles.dir\debug\particles.tlog\link.read.1.tlog
f:\rtr_demo\build\glfw-3.3.2\examples\particles.dir\debug\particles.tlog\link.write.1.tlog
f:\rtr_demo\build\glfw-3.3.2\examples\particles.dir\debug\particles.tlog\rc.command.1.tlog
f:\rtr_demo\build\glfw-3.3.2\examples\particles.dir\debug\particles.tlog\rc.read.1.tlog
f:\rtr_demo\build\glfw-3.3.2\examples\particles.dir\debug\particles.tlog\rc.write.1.tlog
