f:\rtr_demo\build\glfw-3.3.2\examples\sharing.dir\debug\vc141.pdb
f:\rtr_demo\build\glfw-3.3.2\examples\sharing.dir\debug\glad_gl.obj
f:\rtr_demo\build\glfw-3.3.2\examples\sharing.dir\debug\sharing.obj
f:\rtr_demo\build\glfw-3.3.2\examples\cmakefiles\generate.stamp
f:\rtr_demo\build\glfw-3.3.2\examples\debug\sharing.ilk
f:\rtr_demo\build\glfw-3.3.2\examples\debug\sharing.exe
f:\rtr_demo\build\glfw-3.3.2\examples\debug\sharing.pdb
f:\rtr_demo\build\glfw-3.3.2\examples\sharing.dir\debug\glfw.res
f:\rtr_demo\build\glfw-3.3.2\examples\sharing.dir\debug\sharing.tlog\cl.command.1.tlog
f:\rtr_demo\build\glfw-3.3.2\examples\sharing.dir\debug\sharing.tlog\cl.read.1.tlog
f:\rtr_demo\build\glfw-3.3.2\examples\sharing.dir\debug\sharing.tlog\cl.write.1.tlog
f:\rtr_demo\build\glfw-3.3.2\examples\sharing.dir\debug\sharing.tlog\custombuild.command.1.tlog
f:\rtr_demo\build\glfw-3.3.2\examples\sharing.dir\debug\sharing.tlog\custombuild.read.1.tlog
f:\rtr_demo\build\glfw-3.3.2\examples\sharing.dir\debug\sharing.tlog\custombuild.write.1.tlog
f:\rtr_demo\build\glfw-3.3.2\examples\sharing.dir\debug\sharing.tlog\link.command.1.tlog
f:\rtr_demo\build\glfw-3.3.2\examples\sharing.dir\debug\sharing.tlog\link.read.1.tlog
f:\rtr_demo\build\glfw-3.3.2\examples\sharing.dir\debug\sharing.tlog\link.write.1.tlog
f:\rtr_demo\build\glfw-3.3.2\examples\sharing.dir\debug\sharing.tlog\rc.command.1.tlog
f:\rtr_demo\build\glfw-3.3.2\examples\sharing.dir\debug\sharing.tlog\rc.read.1.tlog
f:\rtr_demo\build\glfw-3.3.2\examples\sharing.dir\debug\sharing.tlog\rc.write.1.tlog
