f:\rtr_demo\build\core\core.dir\debug\vc141.pdb
f:\rtr_demo\build\core\core.dir\debug\glad.obj
f:\rtr_demo\build\core\core.dir\debug\imgui_demo.obj
f:\rtr_demo\build\core\core.dir\debug\imgui_widgets.obj
f:\rtr_demo\build\core\core.dir\debug\imgui.obj
f:\rtr_demo\build\core\core.dir\debug\imgui_draw.obj
f:\rtr_demo\build\core\core.dir\debug\imgui_impl_glfw.obj
f:\rtr_demo\build\core\core.dir\debug\imgui_impl_opengl3.obj
f:\rtr_demo\build\core\core.dir\debug\what.obj
f:\rtr_demo\build\core\core.dir\debug\main.obj
f:\rtr_demo\build\core\cmakefiles\generate.stamp
f:\rtr_demo\build\core\debug\core.exe
f:\rtr_demo\build\core\debug\core.ilk
f:\rtr_demo\build\core\debug\core.pdb
f:\rtr_demo\build\core\core.dir\debug\core.tlog\cl.command.1.tlog
f:\rtr_demo\build\core\core.dir\debug\core.tlog\cl.read.1.tlog
f:\rtr_demo\build\core\core.dir\debug\core.tlog\cl.write.1.tlog
f:\rtr_demo\build\core\core.dir\debug\core.tlog\custombuild.command.1.tlog
f:\rtr_demo\build\core\core.dir\debug\core.tlog\custombuild.read.1.tlog
f:\rtr_demo\build\core\core.dir\debug\core.tlog\custombuild.write.1.tlog
f:\rtr_demo\build\core\core.dir\debug\core.tlog\link.command.1.tlog
f:\rtr_demo\build\core\core.dir\debug\core.tlog\link.read.1.tlog
f:\rtr_demo\build\core\core.dir\debug\core.tlog\link.write.1.tlog
