  main.cpp
f:\rtr_demo\core\RenderFixed.h(82): warning C4305: “初始化”: 从“double”到“float”截断
f:\rtr_demo\core\RenderFixed.h(120): warning C4267: “=”: 从“size_t”转换到“int”，可能丢失数据
f:\rtr_demo\core\RenderFixed.h(147): warning C4244: “参数”: 从“float”转换到“GLsizei”，可能丢失数据
f:\rtr_demo\core\RenderFixed.h(149): warning C4244: “参数”: 从“float”转换到“GLsizei”，可能丢失数据
f:\rtr_demo\core\RenderFixed.h(151): warning C4244: “参数”: 从“float”转换到“GLsizei”，可能丢失数据
f:\rtr_demo\core\UltSetting.h(51): warning C4244: “=”: 从“double”转换到“float”，可能丢失数据
f:\rtr_demo\core\UltSetting.h(52): warning C4244: “=”: 从“double”转换到“float”，可能丢失数据
f:\rtr_demo\core\UltSetting.h(56): warning C4244: “初始化”: 从“double”转换到“float”，可能丢失数据
f:\rtr_demo\core\UltSetting.h(57): warning C4244: “初始化”: 从“double”转换到“float”，可能丢失数据
f:\rtr_demo\core\UltSetting.h(59): warning C4244: “=”: 从“double”转换到“float”，可能丢失数据
f:\rtr_demo\core\UltSetting.h(60): warning C4244: “=”: 从“double”转换到“float”，可能丢失数据
f:\rtr_demo\core\Mesh.h(79): warning C4267: “参数”: 从“size_t”转换到“GLsizei”，可能丢失数据
f:\rtr_demo\core\ShadowMap.h(33): warning C4305: “=”: 从“double”到“float”截断
f:\rtr_demo\core\CSM.h(25): warning C4305: “初始化”: 从“double”到“float”截断
f:\rtr_demo\core\CSM.h(32): warning C4305: “=”: 从“double”到“float”截断
f:\rtr_demo\core\CSM.h(39): warning C4018: “<=”: 有符号/无符号不匹配
f:\rtr_demo\core\CSM.h(94): warning C4018: “<=”: 有符号/无符号不匹配
f:\rtr_demo\core\CSM.h(97): warning C4244: “初始化”: 从“double”转换到“float”，可能丢失数据
f:\rtr_demo\core\CSM.h(112): warning C4018: “<=”: 有符号/无符号不匹配
f:\rtr_demo\core\CSM.h(123): warning C4018: “<”: 有符号/无符号不匹配
f:\rtr_demo\core\CSM.h(145): warning C4244: “初始化”: 从“double”转换到“float”，可能丢失数据
f:\rtr_demo\core\CSM.h(146): warning C4244: “初始化”: 从“double”转换到“float”，可能丢失数据
f:\rtr_demo\core\CSM.h(147): warning C4244: “初始化”: 从“double”转换到“float”，可能丢失数据
f:\rtr_demo\core\CSM.h(148): warning C4244: “初始化”: 从“double”转换到“float”，可能丢失数据
F:\RTR_Demo\Core\main.cpp(100): warning C4244: “初始化”: 从“double”转换到“float”，可能丢失数据
  Core.vcxproj -> F:\RTR_Demo\build\Core\Debug\Core.exe
