f:\rtr_demo\build\glfw-3.3.2\examples\heightmap.dir\debug\vc141.pdb
f:\rtr_demo\build\glfw-3.3.2\examples\heightmap.dir\debug\glad_gl.obj
f:\rtr_demo\build\glfw-3.3.2\examples\heightmap.dir\debug\heightmap.obj
f:\rtr_demo\build\glfw-3.3.2\examples\cmakefiles\generate.stamp
f:\rtr_demo\build\glfw-3.3.2\examples\debug\heightmap.ilk
f:\rtr_demo\build\glfw-3.3.2\examples\debug\heightmap.exe
f:\rtr_demo\build\glfw-3.3.2\examples\debug\heightmap.pdb
f:\rtr_demo\build\glfw-3.3.2\examples\heightmap.dir\debug\glfw.res
f:\rtr_demo\build\glfw-3.3.2\examples\heightmap.dir\debug\heightmap.tlog\cl.command.1.tlog
f:\rtr_demo\build\glfw-3.3.2\examples\heightmap.dir\debug\heightmap.tlog\cl.read.1.tlog
f:\rtr_demo\build\glfw-3.3.2\examples\heightmap.dir\debug\heightmap.tlog\cl.write.1.tlog
f:\rtr_demo\build\glfw-3.3.2\examples\heightmap.dir\debug\heightmap.tlog\custombuild.command.1.tlog
f:\rtr_demo\build\glfw-3.3.2\examples\heightmap.dir\debug\heightmap.tlog\custombuild.read.1.tlog
f:\rtr_demo\build\glfw-3.3.2\examples\heightmap.dir\debug\heightmap.tlog\custombuild.write.1.tlog
f:\rtr_demo\build\glfw-3.3.2\examples\heightmap.dir\debug\heightmap.tlog\link.command.1.tlog
f:\rtr_demo\build\glfw-3.3.2\examples\heightmap.dir\debug\heightmap.tlog\link.read.1.tlog
f:\rtr_demo\build\glfw-3.3.2\examples\heightmap.dir\debug\heightmap.tlog\link.write.1.tlog
f:\rtr_demo\build\glfw-3.3.2\examples\heightmap.dir\debug\heightmap.tlog\rc.command.1.tlog
f:\rtr_demo\build\glfw-3.3.2\examples\heightmap.dir\debug\heightmap.tlog\rc.read.1.tlog
f:\rtr_demo\build\glfw-3.3.2\examples\heightmap.dir\debug\heightmap.tlog\rc.write.1.tlog
