f:\rtr_demo\build\glfw-3.3.2\examples\splitview.dir\debug\vc141.pdb
f:\rtr_demo\build\glfw-3.3.2\examples\splitview.dir\debug\glad_gl.obj
f:\rtr_demo\build\glfw-3.3.2\examples\splitview.dir\debug\splitview.obj
f:\rtr_demo\build\glfw-3.3.2\examples\cmakefiles\generate.stamp
f:\rtr_demo\build\glfw-3.3.2\examples\debug\splitview.ilk
f:\rtr_demo\build\glfw-3.3.2\examples\debug\splitview.exe
f:\rtr_demo\build\glfw-3.3.2\examples\debug\splitview.pdb
f:\rtr_demo\build\glfw-3.3.2\examples\splitview.dir\debug\glfw.res
f:\rtr_demo\build\glfw-3.3.2\examples\splitview.dir\debug\splitview.tlog\cl.command.1.tlog
f:\rtr_demo\build\glfw-3.3.2\examples\splitview.dir\debug\splitview.tlog\cl.read.1.tlog
f:\rtr_demo\build\glfw-3.3.2\examples\splitview.dir\debug\splitview.tlog\cl.write.1.tlog
f:\rtr_demo\build\glfw-3.3.2\examples\splitview.dir\debug\splitview.tlog\custombuild.command.1.tlog
f:\rtr_demo\build\glfw-3.3.2\examples\splitview.dir\debug\splitview.tlog\custombuild.read.1.tlog
f:\rtr_demo\build\glfw-3.3.2\examples\splitview.dir\debug\splitview.tlog\custombuild.write.1.tlog
f:\rtr_demo\build\glfw-3.3.2\examples\splitview.dir\debug\splitview.tlog\link.command.1.tlog
f:\rtr_demo\build\glfw-3.3.2\examples\splitview.dir\debug\splitview.tlog\link.read.1.tlog
f:\rtr_demo\build\glfw-3.3.2\examples\splitview.dir\debug\splitview.tlog\link.write.1.tlog
f:\rtr_demo\build\glfw-3.3.2\examples\splitview.dir\debug\splitview.tlog\rc.command.1.tlog
f:\rtr_demo\build\glfw-3.3.2\examples\splitview.dir\debug\splitview.tlog\rc.read.1.tlog
f:\rtr_demo\build\glfw-3.3.2\examples\splitview.dir\debug\splitview.tlog\rc.write.1.tlog
