f:\rtr_demo\build\glfw-3.3.2\examples\offscreen.dir\debug\vc141.pdb
f:\rtr_demo\build\glfw-3.3.2\examples\offscreen.dir\debug\glad_gl.obj
f:\rtr_demo\build\glfw-3.3.2\examples\offscreen.dir\debug\offscreen.obj
f:\rtr_demo\build\glfw-3.3.2\examples\cmakefiles\generate.stamp
f:\rtr_demo\build\glfw-3.3.2\examples\debug\offscreen.ilk
f:\rtr_demo\build\glfw-3.3.2\examples\debug\offscreen.exe
f:\rtr_demo\build\glfw-3.3.2\examples\debug\offscreen.pdb
f:\rtr_demo\build\glfw-3.3.2\examples\offscreen.dir\debug\glfw.res
f:\rtr_demo\build\glfw-3.3.2\examples\offscreen.dir\debug\offscreen.tlog\cl.command.1.tlog
f:\rtr_demo\build\glfw-3.3.2\examples\offscreen.dir\debug\offscreen.tlog\cl.read.1.tlog
f:\rtr_demo\build\glfw-3.3.2\examples\offscreen.dir\debug\offscreen.tlog\cl.write.1.tlog
f:\rtr_demo\build\glfw-3.3.2\examples\offscreen.dir\debug\offscreen.tlog\custombuild.command.1.tlog
f:\rtr_demo\build\glfw-3.3.2\examples\offscreen.dir\debug\offscreen.tlog\custombuild.read.1.tlog
f:\rtr_demo\build\glfw-3.3.2\examples\offscreen.dir\debug\offscreen.tlog\custombuild.write.1.tlog
f:\rtr_demo\build\glfw-3.3.2\examples\offscreen.dir\debug\offscreen.tlog\link.command.1.tlog
f:\rtr_demo\build\glfw-3.3.2\examples\offscreen.dir\debug\offscreen.tlog\link.read.1.tlog
f:\rtr_demo\build\glfw-3.3.2\examples\offscreen.dir\debug\offscreen.tlog\link.write.1.tlog
f:\rtr_demo\build\glfw-3.3.2\examples\offscreen.dir\debug\offscreen.tlog\rc.command.1.tlog
f:\rtr_demo\build\glfw-3.3.2\examples\offscreen.dir\debug\offscreen.tlog\rc.read.1.tlog
f:\rtr_demo\build\glfw-3.3.2\examples\offscreen.dir\debug\offscreen.tlog\rc.write.1.tlog
