f:\rtr_demo\build\glfw-3.3.2\examples\gears.dir\debug\vc141.pdb
f:\rtr_demo\build\glfw-3.3.2\examples\gears.dir\debug\glad_gl.obj
f:\rtr_demo\build\glfw-3.3.2\examples\gears.dir\debug\gears.obj
f:\rtr_demo\build\glfw-3.3.2\examples\cmakefiles\generate.stamp
f:\rtr_demo\build\glfw-3.3.2\examples\debug\gears.ilk
f:\rtr_demo\build\glfw-3.3.2\examples\debug\gears.exe
f:\rtr_demo\build\glfw-3.3.2\examples\debug\gears.pdb
f:\rtr_demo\build\glfw-3.3.2\examples\gears.dir\debug\glfw.res
f:\rtr_demo\build\glfw-3.3.2\examples\gears.dir\debug\gears.tlog\cl.command.1.tlog
f:\rtr_demo\build\glfw-3.3.2\examples\gears.dir\debug\gears.tlog\cl.read.1.tlog
f:\rtr_demo\build\glfw-3.3.2\examples\gears.dir\debug\gears.tlog\cl.write.1.tlog
f:\rtr_demo\build\glfw-3.3.2\examples\gears.dir\debug\gears.tlog\custombuild.command.1.tlog
f:\rtr_demo\build\glfw-3.3.2\examples\gears.dir\debug\gears.tlog\custombuild.read.1.tlog
f:\rtr_demo\build\glfw-3.3.2\examples\gears.dir\debug\gears.tlog\custombuild.write.1.tlog
f:\rtr_demo\build\glfw-3.3.2\examples\gears.dir\debug\gears.tlog\link.command.1.tlog
f:\rtr_demo\build\glfw-3.3.2\examples\gears.dir\debug\gears.tlog\link.read.1.tlog
f:\rtr_demo\build\glfw-3.3.2\examples\gears.dir\debug\gears.tlog\link.write.1.tlog
f:\rtr_demo\build\glfw-3.3.2\examples\gears.dir\debug\gears.tlog\rc.command.1.tlog
f:\rtr_demo\build\glfw-3.3.2\examples\gears.dir\debug\gears.tlog\rc.read.1.tlog
f:\rtr_demo\build\glfw-3.3.2\examples\gears.dir\debug\gears.tlog\rc.write.1.tlog
