f:\rtr_demo\build\glfw-3.3.2\examples\simple.dir\debug\vc141.pdb
f:\rtr_demo\build\glfw-3.3.2\examples\simple.dir\debug\glad_gl.obj
f:\rtr_demo\build\glfw-3.3.2\examples\simple.dir\debug\simple.obj
f:\rtr_demo\build\glfw-3.3.2\examples\cmakefiles\generate.stamp
f:\rtr_demo\build\glfw-3.3.2\examples\debug\simple.ilk
f:\rtr_demo\build\glfw-3.3.2\examples\debug\simple.exe
f:\rtr_demo\build\glfw-3.3.2\examples\debug\simple.pdb
f:\rtr_demo\build\glfw-3.3.2\examples\simple.dir\debug\glfw.res
f:\rtr_demo\build\glfw-3.3.2\examples\simple.dir\debug\simple.tlog\cl.command.1.tlog
f:\rtr_demo\build\glfw-3.3.2\examples\simple.dir\debug\simple.tlog\cl.read.1.tlog
f:\rtr_demo\build\glfw-3.3.2\examples\simple.dir\debug\simple.tlog\cl.write.1.tlog
f:\rtr_demo\build\glfw-3.3.2\examples\simple.dir\debug\simple.tlog\custombuild.command.1.tlog
f:\rtr_demo\build\glfw-3.3.2\examples\simple.dir\debug\simple.tlog\custombuild.read.1.tlog
f:\rtr_demo\build\glfw-3.3.2\examples\simple.dir\debug\simple.tlog\custombuild.write.1.tlog
f:\rtr_demo\build\glfw-3.3.2\examples\simple.dir\debug\simple.tlog\link.command.1.tlog
f:\rtr_demo\build\glfw-3.3.2\examples\simple.dir\debug\simple.tlog\link.read.1.tlog
f:\rtr_demo\build\glfw-3.3.2\examples\simple.dir\debug\simple.tlog\link.write.1.tlog
f:\rtr_demo\build\glfw-3.3.2\examples\simple.dir\debug\simple.tlog\rc.command.1.tlog
f:\rtr_demo\build\glfw-3.3.2\examples\simple.dir\debug\simple.tlog\rc.read.1.tlog
f:\rtr_demo\build\glfw-3.3.2\examples\simple.dir\debug\simple.tlog\rc.write.1.tlog
