f:\rtr_demo\build\glfw-3.3.2\examples\wave.dir\debug\vc141.pdb
f:\rtr_demo\build\glfw-3.3.2\examples\wave.dir\debug\glad_gl.obj
f:\rtr_demo\build\glfw-3.3.2\examples\wave.dir\debug\wave.obj
f:\rtr_demo\build\glfw-3.3.2\examples\cmakefiles\generate.stamp
f:\rtr_demo\build\glfw-3.3.2\examples\debug\wave.ilk
f:\rtr_demo\build\glfw-3.3.2\examples\debug\wave.exe
f:\rtr_demo\build\glfw-3.3.2\examples\debug\wave.pdb
f:\rtr_demo\build\glfw-3.3.2\examples\wave.dir\debug\glfw.res
f:\rtr_demo\build\glfw-3.3.2\examples\wave.dir\debug\wave.tlog\cl.command.1.tlog
f:\rtr_demo\build\glfw-3.3.2\examples\wave.dir\debug\wave.tlog\cl.read.1.tlog
f:\rtr_demo\build\glfw-3.3.2\examples\wave.dir\debug\wave.tlog\cl.write.1.tlog
f:\rtr_demo\build\glfw-3.3.2\examples\wave.dir\debug\wave.tlog\custombuild.command.1.tlog
f:\rtr_demo\build\glfw-3.3.2\examples\wave.dir\debug\wave.tlog\custombuild.read.1.tlog
f:\rtr_demo\build\glfw-3.3.2\examples\wave.dir\debug\wave.tlog\custombuild.write.1.tlog
f:\rtr_demo\build\glfw-3.3.2\examples\wave.dir\debug\wave.tlog\link.command.1.tlog
f:\rtr_demo\build\glfw-3.3.2\examples\wave.dir\debug\wave.tlog\link.read.1.tlog
f:\rtr_demo\build\glfw-3.3.2\examples\wave.dir\debug\wave.tlog\link.write.1.tlog
f:\rtr_demo\build\glfw-3.3.2\examples\wave.dir\debug\wave.tlog\rc.command.1.tlog
f:\rtr_demo\build\glfw-3.3.2\examples\wave.dir\debug\wave.tlog\rc.read.1.tlog
f:\rtr_demo\build\glfw-3.3.2\examples\wave.dir\debug\wave.tlog\rc.write.1.tlog
